#
# A fatal error has been detected by the Java Runtime Environment:
#
#  SIGSEGV (0xb) at pc=0x00007f38b11a3ebe, pid=455, tid=0x00007f389b326700
#
# JRE version: OpenJDK Runtime Environment (8.0_312-b07) (build 1.8.0_312-8u312-b07-0ubuntu1~18.04-b07)
# Java VM: OpenJDK 64-Bit Server VM (25.312-b07 mixed mode linux-amd64 compressed oops)
# Problematic frame:
# V  [libjvm.so+0x669ebe]
#
# Failed to write core dump. Core dumps have been disabled. To enable core dumping, try "ulimit -c unlimited" before starting Java again
#
# If you would like to submit a bug report, please visit:
#   http://bugreport.java.com/bugreport/crash.jsp
#

---------------  T H R E A D  ---------------

Current thread (0x00007f38ac027800):  GCTaskThread [stack: 0x00007f389b227000,0x00007f389b327000] [id=459]

siginfo: si_signo: 11 (SIGSEGV), si_code: 128 (SI_KERNEL), si_addr: 0x0000000000000000

Registers:
RAX=0x00007f38973f6000, RBX=0x000000000000113c, RCX=0x0000000000000027, RDX=0x007fffffffbe3008
RSP=0x00007f389b325b60, RBP=0x00007f389b325bb0, RSI=0x0000008000000000, RDI=0x000000010001f3f8
R8 =0x00007f38b1b80720, R9 =0x0000000000000ae2, R10=0x0000000000000010, R11=0x00007f38989ba638
R12=0x00007f38ac0be140, R13=0x00000000dab18f40, R14=0x000000010001f3f0, R15=0x00000000dab18f5c
RIP=0x00007f38b11a3ebe, EFLAGS=0x0000000000010206, CSGSFS=0x002b000000000033, ERR=0x0000000000000000
  TRAPNO=0x000000000000000d

Top of Stack: (sp=0x00007f389b325b60)
0x00007f389b325b60:   00000000dab18f28 000000010001f3f8
0x00007f389b325b70:   00007f38b1b80720 0000000000000007
0x00007f389b325b80:   00007f38ac0be140 00007f38ac0be140
0x00007f389b325b90:   00007f38b1b7c96c 00007f38ac027800
0x00007f389b325ba0:   0000000000000000 00007f38ac0be140
0x00007f389b325bb0:   00007f389b325ca0 00007f38b1533f2f
0x00007f389b325bc0:   00007f389b325c40 0000000000000081
0x00007f389b325bd0:   00007f38ac0be188 00007f389b325c00
0x00007f389b325be0:   0000008000000000 00000000da928c40
0x00007f389b325bf0:   00000000da928c40 00000000dab18f28
0x00007f389b325c00:   00007f389b325c70 00007f38b153d4f7
0x00007f389b325c10:   00000000db2d1790 0000000000000000
0x00007f389b325c20:   0000000000000018 00007f38ac028750
0x00007f389b325c30:   00007f38ac028728 00007f3800000000
0x00007f389b325c40:   0000000000000400 ea8048b64e9b2900
0x00007f389b325c50:   00007f389b325cd0 00007f38b1b96bd8
0x00007f389b325c60:   00007f38b1b96bd8 ea8048b64e9b2900
0x00007f389b325c70:   00007f389b325ca0 00007f389b325cd0
0x00007f389b325c80:   00007f38ac050cf0 00007f38ac027800
0x00007f389b325c90:   0000000000000000 00007f38ac0be140
0x00007f389b325ca0:   00007f389b325da0 00007f38b1515910
0x00007f389b325cb0:   00007f389b325d00 00007f38b147bb69
0x00007f389b325cc0:   00007f389b325d20 00007f38ac025310
0x00007f389b325cd0:   00007f38b1abafb0 00007f38ac025200
0x00007f389b325ce0:   00007f38ac0be140 0000000000000001
0x00007f389b325cf0:   00007f38b1abafe0 00000001ac027800
0x00007f389b325d00:   00007f389b325cd0 00007f38ac026b78
0x00007f389b325d10:   0000000000000004 00007f38ac026b50
0x00007f389b325d20:   00007f389b325d60 00007f38ac026b28
0x00007f389b325d30:   00007f38ac0252f0 00007f38ac050cf0
0x00007f389b325d40:   00007f38ac0253a0 00007f38b14d3fb8
0x00007f389b325d50:   00007f38ac025270 0000000000000001 

Instructions: (pc=0x00007f38b11a3ebe)
0x00007f38b11a3e9e:   48 89 c8 8b 0a 48 c1 e8 03 48 d3 e8 48 89 c1 48
0x00007f38b11a3eae:   89 c2 49 8b 40 30 83 e1 3f 48 c1 ea 06 48 d3 e6
0x00007f38b11a3ebe:   48 85 34 d0 75 9c 48 8d 05 d7 02 9d 00 80 38 00
0x00007f38b11a3ece:   0f 85 2c 02 00 00 48 8b 73 08 48 89 df 4c 89 45 

Register to memory mapping:

RAX=0x00007f38973f6000 is an unknown value
RBX=0x000000000000113c is an unknown value
RCX=0x0000000000000027 is an unknown value
RDX=0x007fffffffbe3008 is an unknown value
RSP=0x00007f389b325b60 is an unknown value
RBP=0x00007f389b325bb0 is an unknown value
RSI=0x0000008000000000 is an unknown value
RDI=0x000000010001f3f8 is pointing into metadata
R8 =0x00007f38b1b80720: <offset 0x1046720> in /usr/lib/jvm/java-8-openjdk-amd64/jre/lib/amd64/server/libjvm.so at 0x00007f38b0b3a000
R9 =0x0000000000000ae2 is an unknown value
R10=0x0000000000000010 is an unknown value
R11=0x00007f38989ba638 is an unknown value
R12=0x00007f38ac0be140 is an unknown value
R13=0x00000000dab18f40 is an oop

[error occurred during error reporting (printing register info), id 0xb]

Stack: [0x00007f389b227000,0x00007f389b327000],  sp=0x00007f389b325b60,  free space=1018k
Native frames: (J=compiled Java code, j=interpreted, Vv=VM code, C=native code)
V  [libjvm.so+0x669ebe]
V  [libjvm.so+0x9f9f2f]
V  [libjvm.so+0x9db910]
V  [libjvm.so+0x5db2b6]
V  [libjvm.so+0x990e62]


---------------  P R O C E S S  ---------------

Java Threads: ( => current thread )
  0x00007f385800a800 JavaThread "RMI Scheduler(0)" daemon [_thread_blocked, id=486, stack(0x00007f3894085000,0x00007f3894186000)]
  0x00007f386c001800 JavaThread "RMI TCP Connection(1)-127.0.0.1" daemon [_thread_in_native, id=484, stack(0x00007f385fafd000,0x00007f385fbfe000)]
  0x00007f3878002800 JavaThread "Attach Listener" daemon [_thread_blocked, id=480, stack(0x00007f385fbfe000,0x00007f385fcff000)]
  0x00007f3878001000 JavaThread "Attach Listener" daemon [_thread_blocked, id=479, stack(0x00007f385fcff000,0x00007f385fe00000)]
  0x00007f38ac582800 JavaThread "RMI TCP Accept-0" daemon [_thread_in_native, id=473, stack(0x00007f3894887000,0x00007f3894988000)]
  0x00007f38ac4d1000 JavaThread "Service Thread" daemon [_thread_blocked, id=472, stack(0x00007f3894ba3000,0x00007f3894ca4000)]
  0x00007f38ac4cc800 JavaThread "C1 CompilerThread1" daemon [_thread_blocked, id=471, stack(0x00007f3894ca5000,0x00007f3894da5000)]
  0x00007f38ac4ca800 JavaThread "C2 CompilerThread0" daemon [_thread_blocked, id=469, stack(0x00007f3894da6000,0x00007f3894ea6000)]
  0x00007f38ac4c7000 JavaThread "Monitor Ctrl-Break" daemon [_thread_in_native, id=468, stack(0x00007f3894eac000,0x00007f3894fad000)]
  0x00007f38ac13d000 JavaThread "Signal Dispatcher" daemon [_thread_blocked, id=467, stack(0x00007f3895656000,0x00007f3895757000)]
  0x00007f38ac10f800 JavaThread "Finalizer" daemon [_thread_blocked, id=463, stack(0x00007f3895a35000,0x00007f3895b36000)]
  0x00007f38ac10b000 JavaThread "Reference Handler" daemon [_thread_blocked, id=461, stack(0x00007f3895b36000,0x00007f3895c37000)]
  0x00007f38ac010000 JavaThread "main" [_thread_blocked, id=457, stack(0x00007f38b28ea000,0x00007f38b29ea000)]

Other Threads:
  0x00007f38ac101000 VMThread [stack: 0x00007f3895c38000,0x00007f3895d38000] [id=460]
  0x00007f38ac590000 WatcherThread [stack: 0x00007f3894787000,0x00007f3894887000] [id=474]

=>0x00007f38ac027800 (exited) GCTaskThread [stack: 0x00007f389b227000,0x00007f389b327000] [id=459]

VM state:at safepoint (normal execution)

VM Mutex/Monitor currently owned by a thread:  ([mutex/lock_event])
[0x00007f38ac00c4b0] Threads_lock - owner thread: 0x00007f38ac101000
[0x00007f38ac00c9b0] Heap_lock - owner thread: 0x00007f38ac010000

heap address: 0x0000000083a00000, size: 1990 MB, Compressed Oops mode: 32-bit
Narrow klass base: 0x0000000000000000, Narrow klass shift: 3
Compressed class space size: 1073741824 Address: 0x0000000100000000

Heap:
 PSYoungGen      total 70656K, used 5104K [0x00000000d6900000, 0x00000000dfa00000, 0x0000000100000000)
  eden space 65536K, 0% used [0x00000000d6900000,0x00000000d6900000,0x00000000da900000)
  from space 5120K, 99% used [0x00000000da900000,0x00000000dadfc1c0,0x00000000dae00000)
  to   space 8704K, 0% used [0x00000000df180000,0x00000000df180000,0x00000000dfa00000)
 ParOldGen       total 86016K, used 6098K [0x0000000083a00000, 0x0000000088e00000, 0x00000000d6900000)
  object space 86016K, 7% used [0x0000000083a00000,0x0000000083ff4838,0x0000000088e00000)
 Metaspace       used 20236K, capacity 21180K, committed 21296K, reserved 1067008K
  class space    used 2660K, capacity 2888K, committed 2944K, reserved 1048576K

Card table byte_map: [0x00007f389b5bf000,0x00007f389b9a3000] byte_map_base: 0x00007f389b1a2000

Marking Bits: (ParMarkBitMap*) 0x00007f38b1b80720
 Begin Bits: [0x00007f38973f6000, 0x00007f389930e000)
 End Bits:   [0x00007f389930e000, 0x00007f389b226000)

Polling page: 0x00007f38b29ff000

CodeCache: size=245760Kb used=4068Kb max_used=4068Kb free=241692Kb
 bounds [0x00007f389bd63000, 0x00007f389c163000, 0x00007f38aad63000]
 total_blobs=2261 nmethods=1874 adapters=299
 compilation: enabled

Compilation events (10 events):
Event: 2.148 Thread 0x00007f38ac4cc800 1870       1       org.springframework.beans.factory.support.AbstractBeanDefinition::hasBeanClass (8 bytes)
Event: 2.148 Thread 0x00007f38ac4cc800 nmethod 1870 0x00007f389c15a6d0 code [0x00007f389c15a820, 0x00007f389c15a970]
Event: 2.148 Thread 0x00007f38ac4cc800 1871       1       org.springframework.beans.factory.support.AbstractBeanFactory::isFactoryBean (60 bytes)
Event: 2.148 Thread 0x00007f38ac4cc800 nmethod 1871 0x00007f389c15a9d0 code [0x00007f389c15ab60, 0x00007f389c15ae78]
Event: 2.149 Thread 0x00007f38ac4cc800 1872       1       org.springframework.core.annotation.TypeMappedAnnotations::<init> (36 bytes)
Event: 2.149 Thread 0x00007f38ac4cc800 nmethod 1872 0x00007f389c15b010 code [0x00007f389c15b160, 0x00007f389c15b2d0]
Event: 2.150 Thread 0x00007f38ac4cc800 1873       1       org.springframework.core.annotation.MergedAnnotations::from (10 bytes)
Event: 2.150 Thread 0x00007f38ac4cc800 nmethod 1873 0x00007f389c15b350 code [0x00007f389c15b4e0, 0x00007f389c15b748]
Event: 2.150 Thread 0x00007f38ac4cc800 1874       1       org.springframework.core.annotation.MergedAnnotations::from (20 bytes)
Event: 2.150 Thread 0x00007f38ac4cc800 nmethod 1874 0x00007f389c15b950 code [0x00007f389c15bb00, 0x00007f389c15bdd8]

GC Heap History (10 events):
Event: 0.833 GC heap after
Heap after GC invocations=1 (full 0):
 PSYoungGen      total 37888K, used 4355K [0x00000000d6900000, 0x00000000d9300000, 0x0000000100000000)
  eden space 32768K, 0% used [0x00000000d6900000,0x00000000d6900000,0x00000000d8900000)
  from space 5120K, 85% used [0x00000000d8900000,0x00000000d8d40d70,0x00000000d8e00000)
  to   space 5120K, 0% used [0x00000000d8e00000,0x00000000d8e00000,0x00000000d9300000)
 ParOldGen       total 86016K, used 8K [0x0000000083a00000, 0x0000000088e00000, 0x00000000d6900000)
  object space 86016K, 0% used [0x0000000083a00000,0x0000000083a02000,0x0000000088e00000)
 Metaspace       used 10793K, capacity 11022K, committed 11264K, reserved 1058816K
  class space    used 1335K, capacity 1431K, committed 1536K, reserved 1048576K
}
Event: 1.319 GC heap before
{Heap before GC invocations=2 (full 0):
 PSYoungGen      total 37888K, used 37123K [0x00000000d6900000, 0x00000000d9300000, 0x0000000100000000)
  eden space 32768K, 100% used [0x00000000d6900000,0x00000000d8900000,0x00000000d8900000)
  from space 5120K, 85% used [0x00000000d8900000,0x00000000d8d40d70,0x00000000d8e00000)
  to   space 5120K, 0% used [0x00000000d8e00000,0x00000000d8e00000,0x00000000d9300000)
 ParOldGen       total 86016K, used 8K [0x0000000083a00000, 0x0000000088e00000, 0x00000000d6900000)
  object space 86016K, 0% used [0x0000000083a00000,0x0000000083a02000,0x0000000088e00000)
 Metaspace       used 14657K, capacity 15316K, committed 15488K, reserved 1062912K
  class space    used 1919K, capacity 2080K, committed 2176K, reserved 1048576K
Event: 1.330 GC heap after
Heap after GC invocations=2 (full 0):
 PSYoungGen      total 37888K, used 5094K [0x00000000d6900000, 0x00000000db300000, 0x0000000100000000)
  eden space 32768K, 0% used [0x00000000d6900000,0x00000000d6900000,0x00000000d8900000)
  from space 5120K, 99% used [0x00000000d8e00000,0x00000000d92f9840,0x00000000d9300000)
  to   space 5120K, 0% used [0x00000000d8900000,0x00000000d8900000,0x00000000d8e00000)
 ParOldGen       total 86016K, used 1022K [0x0000000083a00000, 0x0000000088e00000, 0x00000000d6900000)
  object space 86016K, 1% used [0x0000000083a00000,0x0000000083aff9f0,0x0000000088e00000)
 Metaspace       used 14657K, capacity 15316K, committed 15488K, reserved 1062912K
  class space    used 1919K, capacity 2080K, committed 2176K, reserved 1048576K
}
Event: 1.712 GC heap before
{Heap before GC invocations=3 (full 0):
 PSYoungGen      total 37888K, used 37862K [0x00000000d6900000, 0x00000000db300000, 0x0000000100000000)
  eden space 32768K, 100% used [0x00000000d6900000,0x00000000d8900000,0x00000000d8900000)
  from space 5120K, 99% used [0x00000000d8e00000,0x00000000d92f9840,0x00000000d9300000)
  to   space 5120K, 0% used [0x00000000d8900000,0x00000000d8900000,0x00000000d8e00000)
 ParOldGen       total 86016K, used 1022K [0x0000000083a00000, 0x0000000088e00000, 0x00000000d6900000)
  object space 86016K, 1% used [0x0000000083a00000,0x0000000083aff9f0,0x0000000088e00000)
 Metaspace       used 18365K, capacity 19188K, committed 19328K, reserved 1067008K
  class space    used 2404K, capacity 2610K, committed 2688K, reserved 1048576K
Event: 1.724 GC heap after
Heap after GC invocations=3 (full 0):
 PSYoungGen      total 37888K, used 5111K [0x00000000d6900000, 0x00000000db300000, 0x0000000100000000)
  eden space 32768K, 0% used [0x00000000d6900000,0x00000000d6900000,0x00000000d8900000)
  from space 5120K, 99% used [0x00000000d8900000,0x00000000d8dfdd60,0x00000000d8e00000)
  to   space 5120K, 0% used [0x00000000dae00000,0x00000000dae00000,0x00000000db300000)
 ParOldGen       total 86016K, used 3300K [0x0000000083a00000, 0x0000000088e00000, 0x00000000d6900000)
  object space 86016K, 3% used [0x0000000083a00000,0x0000000083d391e8,0x0000000088e00000)
 Metaspace       used 18365K, capacity 19188K, committed 19328K, reserved 1067008K
  class space    used 2404K, capacity 2610K, committed 2688K, reserved 1048576K
}
Event: 1.858 GC heap before
{Heap before GC invocations=4 (full 0):
 PSYoungGen      total 37888K, used 37879K [0x00000000d6900000, 0x00000000db300000, 0x0000000100000000)
  eden space 32768K, 100% used [0x00000000d6900000,0x00000000d8900000,0x00000000d8900000)
  from space 5120K, 99% used [0x00000000d8900000,0x00000000d8dfdd60,0x00000000d8e00000)
  to   space 5120K, 0% used [0x00000000dae00000,0x00000000dae00000,0x00000000db300000)
 ParOldGen       total 86016K, used 3300K [0x0000000083a00000, 0x0000000088e00000, 0x00000000d6900000)
  object space 86016K, 3% used [0x0000000083a00000,0x0000000083d391e8,0x0000000088e00000)
 Metaspace       used 19121K, capacity 20010K, committed 20224K, reserved 1067008K
  class space    used 2501K, capacity 2709K, committed 2816K, reserved 1048576K
Event: 1.870 GC heap after
Heap after GC invocations=4 (full 0):
 PSYoungGen      total 70656K, used 5110K [0x00000000d6900000, 0x00000000db300000, 0x0000000100000000)
  eden space 65536K, 0% used [0x00000000d6900000,0x00000000d6900000,0x00000000da900000)
  from space 5120K, 99% used [0x00000000dae00000,0x00000000db2fdb88,0x00000000db300000)
  to   space 5120K, 0% used [0x00000000da900000,0x00000000da900000,0x00000000dae00000)
 ParOldGen       total 86016K, used 3953K [0x0000000083a00000, 0x0000000088e00000, 0x00000000d6900000)
  object space 86016K, 4% used [0x0000000083a00000,0x0000000083ddc5c0,0x0000000088e00000)
 Metaspace       used 19121K, capacity 20010K, committed 20224K, reserved 1067008K
  class space    used 2501K, capacity 2709K, committed 2816K, reserved 1048576K
}
Event: 2.150 GC heap before
{Heap before GC invocations=5 (full 0):
 PSYoungGen      total 70656K, used 46746K [0x00000000d6900000, 0x00000000db300000, 0x0000000100000000)
  eden space 65536K, 63% used [0x00000000d6900000,0x00000000d91a8e88,0x00000000da900000)
  from space 5120K, 99% used [0x00000000dae00000,0x00000000db2fdb88,0x00000000db300000)
  to   space 5120K, 0% used [0x00000000da900000,0x00000000da900000,0x00000000dae00000)
 ParOldGen       total 86016K, used 3953K [0x0000000083a00000, 0x0000000088e00000, 0x00000000d6900000)
  object space 86016K, 4% used [0x0000000083a00000,0x0000000083ddc5c0,0x0000000088e00000)
 Metaspace       used 20236K, capacity 21180K, committed 21296K, reserved 1067008K
  class space    used 2660K, capacity 2888K, committed 2944K, reserved 1048576K
Event: 2.158 GC heap after
Heap after GC invocations=5 (full 0):
 PSYoungGen      total 70656K, used 5104K [0x00000000d6900000, 0x00000000dfa00000, 0x0000000100000000)
  eden space 65536K, 0% used [0x00000000d6900000,0x00000000d6900000,0x00000000da900000)
  from space 5120K, 99% used [0x00000000da900000,0x00000000dadfc1c0,0x00000000dae00000)
  to   space 8704K, 0% used [0x00000000df180000,0x00000000df180000,0x00000000dfa00000)
 ParOldGen       total 86016K, used 6098K [0x0000000083a00000, 0x0000000088e00000, 0x00000000d6900000)
  object space 86016K, 7% used [0x0000000083a00000,0x0000000083ff4838,0x0000000088e00000)
 Metaspace       used 20236K, capacity 21180K, committed 21296K, reserved 1067008K
  class space    used 2660K, capacity 2888K, committed 2944K, reserved 1048576K
}
Event: 2.158 GC heap before
{Heap before GC invocations=6 (full 1):
 PSYoungGen      total 70656K, used 5104K [0x00000000d6900000, 0x00000000dfa00000, 0x0000000100000000)
  eden space 65536K, 0% used [0x00000000d6900000,0x00000000d6900000,0x00000000da900000)
  from space 5120K, 99% used [0x00000000da900000,0x00000000dadfc1c0,0x00000000dae00000)
  to   space 8704K, 0% used [0x00000000df180000,0x00000000df180000,0x00000000dfa00000)
 ParOldGen       total 86016K, used 6098K [0x0000000083a00000, 0x0000000088e00000, 0x00000000d6900000)
  object space 86016K, 7% used [0x0000000083a00000,0x0000000083ff4838,0x0000000088e00000)
 Metaspace       used 20236K, capacity 21180K, committed 21296K, reserved 1067008K
  class space    used 2660K, capacity 2888K, committed 2944K, reserved 1048576K

Deoptimization events (0 events):
No events

Classes redefined (0 events):
No events

Internal exceptions (10 events):
Event: 1.744 Thread 0x00007f38ac010000 Exception <a 'java/lang/ClassNotFoundException': org/springframework/context/ApplicationStartupAwareCustomizer> (0x00000000d6a1da40) thrown at [/build/openjdk-8-Wt4QLx/openjdk-8-8u312-b07/src/hotspot/src/share/vm/classfile/systemDictionary.cpp, line 217]
Event: 1.744 Thread 0x00007f38ac010000 Exception <a 'java/lang/ClassNotFoundException': org/springframework/beans/factory/AwareCustomizer> (0x00000000d6a32be8) thrown at [/build/openjdk-8-Wt4QLx/openjdk-8-8u312-b07/src/hotspot/src/share/vm/classfile/systemDictionary.cpp, line 217]
Event: 1.744 Thread 0x00007f38ac010000 Exception <a 'java/lang/ClassNotFoundException': org/springframework/beans/factory/BeanClassLoaderAwareCustomizer> (0x00000000d6a4ad68) thrown at [/build/openjdk-8-Wt4QLx/openjdk-8-8u312-b07/src/hotspot/src/share/vm/classfile/systemDictionary.cpp, line 21
Event: 1.745 Thread 0x00007f38ac010000 Exception <a 'java/lang/ClassNotFoundException': org/springframework/beans/factory/AwareCustomizer> (0x00000000d6a60958) thrown at [/build/openjdk-8-Wt4QLx/openjdk-8-8u312-b07/src/hotspot/src/share/vm/classfile/systemDictionary.cpp, line 217]
Event: 1.745 Thread 0x00007f38ac010000 Exception <a 'java/lang/ClassNotFoundException': org/springframework/context/EnvironmentAwareCustomizer> (0x00000000d6a75e70) thrown at [/build/openjdk-8-Wt4QLx/openjdk-8-8u312-b07/src/hotspot/src/share/vm/classfile/systemDictionary.cpp, line 217]
Event: 1.748 Thread 0x00007f38ac010000 Exception <a 'java/lang/ClassNotFoundException': org/springframework/beans/factory/AwareCustomizer> (0x00000000d6a8aa38) thrown at [/build/openjdk-8-Wt4QLx/openjdk-8-8u312-b07/src/hotspot/src/share/vm/classfile/systemDictionary.cpp, line 217]
Event: 1.820 Thread 0x00007f38ac010000 Exception <a 'java/lang/NoSuchMethodError': java.lang.Object.lambda$or$2(Ljava/util/function/Predicate;Ljava/lang/Object;)Z> (0x00000000d6f57188) thrown at [/build/openjdk-8-Wt4QLx/openjdk-8-8u312-b07/src/hotspot/src/share/vm/interpreter/linkResolver.cpp,
Event: 1.902 Thread 0x00007f38ac010000 Exception <a 'java/lang/IncompatibleClassChangeError': Found class java.lang.Object, but interface was expected> (0x00000000d7dbc2f8) thrown at [/build/openjdk-8-Wt4QLx/openjdk-8-8u312-b07/src/hotspot/src/share/vm/interpreter/linkResolver.cpp, line 653]
Event: 1.930 Thread 0x00007f38ac010000 Exception <a 'java/lang/NoSuchMethodError': java.lang.Object.lambda$getAllAnnotationAttributes$0(Lorg/springframework/util/MultiValueMap;)Lorg/springframework/util/MultiValueMap;> (0x00000000d8018988) thrown at [/build/openjdk-8-Wt4QLx/openjdk-8-8u312-b07
Event: 1.931 Thread 0x00007f38ac010000 Exception <a 'java/lang/NoSuchMethodError': java.lang.Object.lambda$identity$2(Ljava/lang/Object;)Ljava/lang/Object;> (0x00000000d8030030) thrown at [/build/openjdk-8-Wt4QLx/openjdk-8-8u312-b07/src/hotspot/src/share/vm/interpreter/linkResolver.cpp, line 6

Events (10 events):
Event: 2.140 loading class org/springframework/boot/autoconfigure/web/servlet/TomcatServletWebServerFactoryCustomizer done
Event: 2.142 loading class org/springframework/boot/web/server/ErrorPageRegistrarBeanPostProcessor
Event: 2.142 loading class org/springframework/boot/web/server/ErrorPageRegistrarBeanPostProcessor done
Event: 2.142 loading class org/springframework/boot/web/server/ErrorPageRegistrarBeanPostProcessor
Event: 2.142 loading class org/springframework/boot/web/server/ErrorPageRegistrarBeanPostProcessor done
Event: 2.146 loading class org/springframework/boot/autoconfigure/web/servlet/WebMvcProperties
Event: 2.146 loading class org/springframework/boot/autoconfigure/web/servlet/WebMvcProperties done
Event: 2.148 loading class org/springframework/boot/autoconfigure/web/servlet/DispatcherServletAutoConfiguration$DispatcherServletConfiguration
Event: 2.148 loading class org/springframework/boot/autoconfigure/web/servlet/DispatcherServletAutoConfiguration$DispatcherServletConfiguration done
Event: 2.150 Executing VM operation: CollectForMetadataAllocation


Dynamic libraries:
83a00000-88e00000 rw-p 00000000 00:00 0 
88e00000-d6900000 ---p 00000000 00:00 0 
d6900000-dfa00000 rw-p 00000000 00:00 0 
dfa00000-100000000 ---p 00000000 00:00 0 
100000000-1002e0000 rw-p 00000000 00:00 0 
1002e0000-140000000 ---p 00000000 00:00 0 
55ec8603f000-55ec86040000 r-xp 00000000 08:01 667939                     /usr/lib/jvm/java-8-openjdk-amd64/jre/bin/java
55ec8623f000-55ec86240000 r--p 00000000 08:01 667939                     /usr/lib/jvm/java-8-openjdk-amd64/jre/bin/java
55ec86240000-55ec86241000 rw-p 00001000 08:01 667939                     /usr/lib/jvm/java-8-openjdk-amd64/jre/bin/java
55ec873b7000-55ec873fc000 rw-p 00000000 00:00 0                          [heap]
7f3858000000-7f3858021000 rw-p 00000000 00:00 0 
7f3858021000-7f385c000000 ---p 00000000 00:00 0 
7f385f7fc000-7f385f7ff000 ---p 00000000 00:00 0 
7f385f7ff000-7f385fae9000 rw-p 00000000 00:00 0 
7f385fae9000-7f385fafd000 ---p 00000000 00:00 0 
7f385fafd000-7f385fb00000 ---p 00000000 00:00 0 
7f385fb00000-7f385fbfe000 rw-p 00000000 00:00 0 
7f385fbfe000-7f385fc01000 ---p 00000000 00:00 0 
7f385fc01000-7f385fcff000 rw-p 00000000 00:00 0 
7f385fcff000-7f385fd02000 ---p 00000000 00:00 0 
7f385fd02000-7f3860000000 rw-p 00000000 00:00 0 
7f3860000000-7f3860029000 rw-p 00000000 00:00 0 
7f3860029000-7f3864000000 ---p 00000000 00:00 0 
7f3864000000-7f386416c000 rw-p 00000000 00:00 0 
7f386416c000-7f3868000000 ---p 00000000 00:00 0 
7f3868000000-7f3868021000 rw-p 00000000 00:00 0 
7f3868021000-7f386c000000 ---p 00000000 00:00 0 
7f386c000000-7f386c021000 rw-p 00000000 00:00 0 
7f386c021000-7f3870000000 ---p 00000000 00:00 0 
7f3870000000-7f387004e000 rw-p 00000000 00:00 0 
7f387004e000-7f3874000000 ---p 00000000 00:00 0 
7f3874000000-7f3874347000 rw-p 00000000 00:00 0 
7f3874347000-7f3878000000 ---p 00000000 00:00 0 
7f3878000000-7f3878021000 rw-p 00000000 00:00 0 
7f3878021000-7f387c000000 ---p 00000000 00:00 0 
7f387c000000-7f387c021000 rw-p 00000000 00:00 0 
7f387c021000-7f3880000000 ---p 00000000 00:00 0 
7f3880000000-7f3880021000 rw-p 00000000 00:00 0 
7f3880021000-7f3884000000 ---p 00000000 00:00 0 
7f3884000000-7f3884021000 rw-p 00000000 00:00 0 
7f3884021000-7f3888000000 ---p 00000000 00:00 0 
7f3888000000-7f3888021000 rw-p 00000000 00:00 0 
7f3888021000-7f388c000000 ---p 00000000 00:00 0 
7f388c000000-7f388c021000 rw-p 00000000 00:00 0 
7f388c021000-7f3890000000 ---p 00000000 00:00 0 
7f3890000000-7f3890021000 rw-p 00000000 00:00 0 
7f3890021000-7f3894000000 ---p 00000000 00:00 0 
7f3894085000-7f3894088000 ---p 00000000 00:00 0 
7f3894088000-7f3894386000 rw-p 00000000 00:00 0 
7f3894386000-7f3894586000 rw-p 00000000 00:00 0 
7f3894586000-7f3894786000 rw-p 00000000 00:00 0 
7f3894786000-7f3894787000 ---p 00000000 00:00 0 
7f3894787000-7f3894887000 rw-p 00000000 00:00 0 
7f3894887000-7f389488a000 ---p 00000000 00:00 0 
7f389488a000-7f3894988000 rw-p 00000000 00:00 0 
7f3894988000-7f3894999000 r--s 001c5000 08:01 668026                     /usr/lib/jvm/java-8-openjdk-amd64/jre/lib/jsse.jar
7f3894999000-7f38949a2000 r-xp 00000000 08:01 667975                     /usr/lib/jvm/java-8-openjdk-amd64/jre/lib/amd64/libmanagement.so
7f38949a2000-7f3894ba1000 ---p 00009000 08:01 667975                     /usr/lib/jvm/java-8-openjdk-amd64/jre/lib/amd64/libmanagement.so
7f3894ba1000-7f3894ba2000 r--p 00008000 08:01 667975                     /usr/lib/jvm/java-8-openjdk-amd64/jre/lib/amd64/libmanagement.so
7f3894ba2000-7f3894ba3000 rw-p 00009000 08:01 667975                     /usr/lib/jvm/java-8-openjdk-amd64/jre/lib/amd64/libmanagement.so
7f3894ba3000-7f3894ba6000 ---p 00000000 00:00 0 
7f3894ba6000-7f3894ca4000 rw-p 00000000 00:00 0 
7f3894ca4000-7f3894ca5000 ---p 00000000 00:00 0 
7f3894ca5000-7f3894ca8000 ---p 00000000 00:00 0 
7f3894ca8000-7f3894da5000 rw-p 00000000 00:00 0 
7f3894da5000-7f3894da6000 ---p 00000000 00:00 0 
7f3894da6000-7f3894da9000 ---p 00000000 00:00 0 
7f3894da9000-7f3894ea6000 rw-p 00000000 00:00 0 
7f3894ea6000-7f3894eac000 r--s 000d3000 08:01 668025                     /usr/lib/jvm/java-8-openjdk-amd64/jre/lib/jfr.jar
7f3894eac000-7f3894eaf000 ---p 00000000 00:00 0 
7f3894eaf000-7f3894fad000 rw-p 00000000 00:00 0 
7f3894fad000-7f3894fc5000 r-xp 00000000 08:01 667977                     /usr/lib/jvm/java-8-openjdk-amd64/jre/lib/amd64/libnet.so
7f3894fc5000-7f38951c4000 ---p 00018000 08:01 667977                     /usr/lib/jvm/java-8-openjdk-amd64/jre/lib/amd64/libnet.so
7f38951c4000-7f38951c5000 r--p 00017000 08:01 667977                     /usr/lib/jvm/java-8-openjdk-amd64/jre/lib/amd64/libnet.so
7f38951c5000-7f38951c6000 rw-p 00018000 08:01 667977                     /usr/lib/jvm/java-8-openjdk-amd64/jre/lib/amd64/libnet.so
7f38951c6000-7f38951d8000 r-xp 00000000 08:01 667978                     /usr/lib/jvm/java-8-openjdk-amd64/jre/lib/amd64/libnio.so
7f38951d8000-7f38953d7000 ---p 00012000 08:01 667978                     /usr/lib/jvm/java-8-openjdk-amd64/jre/lib/amd64/libnio.so
7f38953d7000-7f38953d8000 r--p 00011000 08:01 667978                     /usr/lib/jvm/java-8-openjdk-amd64/jre/lib/amd64/libnio.so
7f38953d8000-7f38953d9000 rw-p 00012000 08:01 667978                     /usr/lib/jvm/java-8-openjdk-amd64/jre/lib/amd64/libnio.so
7f38953d9000-7f38953db000 r--s 0001e000 08:01 529249                     /home/harshita/Downloads/idea-IU-213.7172.25/lib/idea_rt.jar
7f38953db000-7f38953f5000 r--s 0022e000 08:01 4069480                    /home/harshita/.m2/repository/mysql/mysql-connector-java/8.0.22/mysql-connector-java-8.0.22.jar
7f38953f5000-7f38953f7000 r--s 0000f000 08:01 4069479                    /home/harshita/.m2/repository/com/sun/activation/jakarta.activation/1.2.2/jakarta.activation-1.2.2.jar
7f38953f7000-7f38953f9000 r--s 00006000 08:01 4069477                    /home/harshita/.m2/repository/com/sun/istack/istack-commons-runtime/3.0.12/istack-commons-runtime-3.0.12.jar
7f38953f9000-7f38953fb000 r--s 00010000 08:01 4069459                    /home/harshita/.m2/repository/org/glassfish/jaxb/txw2/2.3.6/txw2-2.3.6.jar
7f38953fb000-7f3895410000 r--s 000e4000 08:01 4069453                    /home/harshita/.m2/repository/org/glassfish/jaxb/jaxb-runtime/2.3.6/jaxb-runtime-2.3.6.jar
7f3895410000-7f3895414000 r--s 0001c000 08:01 4069473                    /home/harshita/.m2/repository/javax/xml/bind/jaxb-api/2.3.1/jaxb-api-2.3.1.jar
7f3895414000-7f3895417000 r--s 00011000 08:01 4069469                    /home/harshita/.m2/repository/org/hibernate/common/hibernate-commons-annotations/5.1.2.Final/hibernate-commons-annotations-5.1.2.Final.jar
7f3895417000-7f3895419000 r--s 0000c000 08:01 4069467                    /home/harshita/.m2/repository/javax/activation/javax.activation-api/1.2.0/javax.activation-api-1.2.0.jar
7f3895419000-7f389541b000 r--s 0000f000 08:01 4069466                    /home/harshita/.m2/repository/com/fasterxml/classmate/1.5.1/classmate-1.5.1.jar
7f389541b000-7f389541e000 r--s 0002f000 08:01 4069462                    /home/harshita/.m2/repository/org/jboss/jandex/2.2.3.Final/jandex-2.2.3.Final.jar
7f389541e000-7f3895420000 r--s 00005000 08:01 4069461                    /home/harshita/.m2/repository/org/jboss/spec/javax/transaction/jboss-transaction-api_1.2_spec/1.1.1.Final/jboss-transaction-api_1.2_spec-1.1.1.Final.jar
7f3895420000-7f3895425000 r--s 00068000 08:01 4069458                    /home/harshita/.m2/repository/antlr/antlr/2.7.7/antlr-2.7.7.jar
7f3895425000-7f3895473000 r--s 00339000 08:01 4063879                    /home/harshita/.m2/repository/net/bytebuddy/byte-buddy/1.11.22/byte-buddy-1.11.22.jar
7f3895473000-7f389547e000 r--s 000b5000 08:01 4069456                    /home/harshita/.m2/repository/org/javassist/javassist/3.27.0-GA/javassist-3.27.0-GA.jar
7f389547e000-7f3895484000 r--s 00023000 08:01 4069454                    /home/harshita/.m2/repository/javax/persistence/javax.persistence-api/2.2/javax.persistence-api-2.2.jar
7f3895484000-7f3895486000 r--s 0000d000 08:01 4069471                    /home/harshita/.m2/repository/org/jboss/logging/jboss-logging/3.4.3.Final/jboss-logging-3.4.3.Final.jar
7f3895486000-7f3895510000 r--s 006a2000 08:01 4069450                    /home/harshita/.m2/repository/org/hibernate/hibernate-core/5.5.3.Final/hibernate-core-5.5.3.Final.jar
7f3895510000-7f3895511000 r--s 00005000 08:01 4063883                    /home/harshita/.m2/repository/org/springframework/spring-jcl/5.3.18/spring-jcl-5.3.18.jar
7f3895511000-7f389552c000 r--s 0014f000 08:01 4063881                    /home/harshita/.m2/repository/org/springframework/spring-core/5.3.18/spring-core-5.3.18.jar
7f389552c000-7f389552e000 r--s 0000a000 08:01 4063870                    /home/harshita/.m2/repository/jakarta/activation/jakarta.activation-api/1.2.2/jakarta.activation-api-1.2.2.jar
7f389552e000-7f3895532000 r--s 00019000 08:01 4063796                    /home/harshita/.m2/repository/jakarta/xml/bind/jakarta.xml.bind-api/2.3.3/jakarta.xml.bind-api-2.3.3.jar
7f3895532000-7f3895534000 r--s 00009000 08:01 2109241                    /home/harshita/.m2/repository/org/slf4j/slf4j-api/1.7.36/slf4j-api-1.7.36.jar
7f3895534000-7f389553a000 r--s 0003e000 08:01 4063819                    /home/harshita/.m2/repository/org/apache/tomcat/embed/tomcat-embed-websocket/9.0.60/tomcat-embed-websocket-9.0.60.jar
7f389553a000-7f389553f000 r--s 0003a000 08:01 4063842                    /home/harshita/.m2/repository/org/apache/tomcat/embed/tomcat-embed-el/9.0.60/tomcat-embed-el-9.0.60.jar
7f389553f000-7f3895569000 r--s 00318000 08:01 4063855                    /home/harshita/.m2/repository/org/apache/tomcat/embed/tomcat-embed-core/9.0.60/tomcat-embed-core-9.0.60.jar
7f3895569000-7f389556b000 r--s 00005000 08:01 4063828                    /home/harshita/.m2/repository/jakarta/annotation/jakarta.annotation-api/1.3.5/jakarta.annotation-api-1.3.5.jar
7f389556b000-7f389556c000 r--s 00001000 08:01 4063852                    /home/harshita/.m2/repository/org/springframework/boot/spring-boot-starter-tomcat/2.6.6/spring-boot-starter-tomcat-2.6.6.jar
7f389556c000-7f389556e000 r--s 0000a000 08:01 4069692                    /home/harshita/.m2/repository/org/json/json/20090211/json-20090211.jar
7f389556e000-7f3895573000 r--s 00042000 08:01 4063830                    /home/harshita/.m2/repository/org/springframework/spring-expression/5.3.18/spring-expression-5.3.18.jar
7f3895573000-7f389558f000 r--s 0011c000 08:01 4063849                    /home/harshita/.m2/repository/org/springframework/spring-context/5.3.18/spring-context-5.3.18.jar
7f389558f000-7f3895598000 r--s 00055000 08:01 4063844                    /home/harshita/.m2/repository/org/springframework/spring-aop/5.3.18/spring-aop-5.3.18.jar
7f3895598000-7f38955ab000 r--s 000e9000 08:01 4063845                    /home/harshita/.m2/repository/org/springframework/spring-webmvc/5.3.18/spring-webmvc-5.3.18.jar
7f38955ab000-7f38955b8000 r--s 0009e000 08:01 4063832                    /home/harshita/.m2/repository/org/springframework/spring-beans/5.3.18/spring-beans-5.3.18.jar
7f38955b8000-7f38955d7000 r--s 00172000 08:01 4063848                    /home/harshita/.m2/repository/org/springframework/spring-web/5.3.18/spring-web-5.3.18.jar
7f38955d7000-7f38955d9000 r--s 00001000 08:01 4063803                    /home/harshita/.m2/repository/com/fasterxml/jackson/module/jackson-module-parameter-names/2.13.2/jackson-module-parameter-names-2.13.2.jar
7f38955d9000-7f38955dc000 r--s 0001b000 08:01 4063814                    /home/harshita/.m2/repository/com/fasterxml/jackson/datatype/jackson-datatype-jsr310/2.13.2/jackson-datatype-jsr310-2.13.2.jar
7f38955dc000-7f38955de000 r--s 00007000 08:01 4063834                    /home/harshita/.m2/repository/com/fasterxml/jackson/datatype/jackson-datatype-jdk8/2.13.2/jackson-datatype-jdk8-2.13.2.jar
7f38955de000-7f38955e3000 r--s 00057000 08:01 4063838                    /home/harshita/.m2/repository/com/fasterxml/jackson/core/jackson-core/2.13.2/jackson-core-2.13.2.jar
7f38955e3000-7f38955e6000 r--s 00010000 08:01 4063837                    /home/harshita/.m2/repository/com/fasterxml/jackson/core/jackson-annotations/2.13.2/jackson-annotations-2.13.2.jar
7f38955e6000-7f38955fd000 r--s 00160000 08:01 4063801                    /home/harshita/.m2/repository/com/fasterxml/jackson/core/jackson-databind/2.13.2.2/jackson-databind-2.13.2.2.jar
7f38955fd000-7f38955fe000 r--s 00001000 08:01 4063823                    /home/harshita/.m2/repository/org/springframework/boot/spring-boot-starter-json/2.6.6/spring-boot-starter-json-2.6.6.jar
7f38955fe000-7f3895605000 r--s 0004a000 08:01 4063821                    /home/harshita/.m2/repository/org/yaml/snakeyaml/1.29/snakeyaml-1.29.jar
7f3895605000-7f389560b000 r--s 00044000 08:01 2896966                    /home/harshita/.m2/repository/org/apache/logging/log4j/log4j-api/2.17.2/log4j-api-2.17.2.jar
7f389560b000-7f3895638000 r--s 00162000 08:01 4063865                    /home/harshita/.m2/repository/org/springframework/boot/spring-boot-autoconfigure/2.6.6/spring-boot-autoconfigure-2.6.6.jar
7f3895638000-7f3895656000 r--s 0013e000 08:01 4063860                    /home/harshita/.m2/repository/org/springframework/boot/spring-boot/2.6.6/spring-boot-2.6.6.jar
7f3895656000-7f3895659000 ---p 00000000 00:00 0 
7f3895659000-7f3895757000 rw-p 00000000 00:00 0 
7f3895757000-7f3895a35000 r--p 00000000 08:01 662436                     /usr/lib/locale/locale-archive
7f3895a35000-7f3895a38000 ---p 00000000 00:00 0 
7f3895a38000-7f3895b36000 rw-p 00000000 00:00 0 
7f3895b36000-7f3895b39000 ---p 00000000 00:00 0 
7f3895b39000-7f3895c37000 rw-p 00000000 00:00 0 
7f3895c37000-7f3895c38000 ---p 00000000 00:00 0 
7f3895c38000-7f3896641000 rw-p 00000000 00:00 0 
7f3896641000-7f3896813000 r--s 03cab000 08:01 668032                     /usr/lib/jvm/java-8-openjdk-amd64/jre/lib/rt.jar
7f3896813000-7f389b226000 rw-p 00000000 00:00 0 
7f389b226000-7f389b227000 ---p 00000000 00:00 0 
7f389b227000-7f389b351000 rw-p 00000000 00:00 0 
7f389b351000-7f389b5bf000 ---p 00000000 00:00 0 
7f389b5bf000-7f389b5e9000 rw-p 00000000 00:00 0 
7f389b5e9000-7f389b856000 ---p 00000000 00:00 0 
7f389b856000-7f389b89f000 rw-p 00000000 00:00 0 
7f389b89f000-7f389b9a2000 ---p 00000000 00:00 0 
7f389b9a2000-7f389b9b3000 rw-p 00000000 00:00 0 
7f389b9b3000-7f389bd63000 ---p 00000000 00:00 0 
7f389bd63000-7f389c163000 rwxp 00000000 00:00 0 
7f389c163000-7f38aad63000 ---p 00000000 00:00 0 
7f38aad63000-7f38aad6b000 r-xp 00000000 08:01 667985                     /usr/lib/jvm/java-8-openjdk-amd64/jre/lib/amd64/libzip.so
7f38aad6b000-7f38aaf6a000 ---p 00008000 08:01 667985                     /usr/lib/jvm/java-8-openjdk-amd64/jre/lib/amd64/libzip.so
7f38aaf6a000-7f38aaf6b000 r--p 00007000 08:01 667985                     /usr/lib/jvm/java-8-openjdk-amd64/jre/lib/amd64/libzip.so
7f38aaf6b000-7f38aaf6c000 rw-p 00008000 08:01 667985                     /usr/lib/jvm/java-8-openjdk-amd64/jre/lib/amd64/libzip.so
7f38aaf6c000-7f38aaf77000 r-xp 00000000 08:01 424954                     /lib/x86_64-linux-gnu/libnss_files-2.27.so
7f38aaf77000-7f38ab176000 ---p 0000b000 08:01 424954                     /lib/x86_64-linux-gnu/libnss_files-2.27.so
7f38ab176000-7f38ab177000 r--p 0000a000 08:01 424954                     /lib/x86_64-linux-gnu/libnss_files-2.27.so
7f38ab177000-7f38ab178000 rw-p 0000b000 08:01 424954                     /lib/x86_64-linux-gnu/libnss_files-2.27.so
7f38ab178000-7f38ab17e000 rw-p 00000000 00:00 0 
7f38ab17e000-7f38ab195000 r-xp 00000000 08:01 424951                     /lib/x86_64-linux-gnu/libnsl-2.27.so
7f38ab195000-7f38ab394000 ---p 00017000 08:01 424951                     /lib/x86_64-linux-gnu/libnsl-2.27.so
7f38ab394000-7f38ab395000 r--p 00016000 08:01 424951                     /lib/x86_64-linux-gnu/libnsl-2.27.so
7f38ab395000-7f38ab396000 rw-p 00017000 08:01 424951                     /lib/x86_64-linux-gnu/libnsl-2.27.so
7f38ab396000-7f38ab398000 rw-p 00000000 00:00 0 
7f38ab398000-7f38ab3a3000 r-xp 00000000 08:01 424956                     /lib/x86_64-linux-gnu/libnss_nis-2.27.so
7f38ab3a3000-7f38ab5a2000 ---p 0000b000 08:01 424956                     /lib/x86_64-linux-gnu/libnss_nis-2.27.so
7f38ab5a2000-7f38ab5a3000 r--p 0000a000 08:01 424956                     /lib/x86_64-linux-gnu/libnss_nis-2.27.so
7f38ab5a3000-7f38ab5a4000 rw-p 0000b000 08:01 424956                     /lib/x86_64-linux-gnu/libnss_nis-2.27.so
7f38ab5a4000-7f38ab5ac000 r-xp 00000000 08:01 424952                     /lib/x86_64-linux-gnu/libnss_compat-2.27.so
7f38ab5ac000-7f38ab7ac000 ---p 00008000 08:01 424952                     /lib/x86_64-linux-gnu/libnss_compat-2.27.so
7f38ab7ac000-7f38ab7ad000 r--p 00008000 08:01 424952                     /lib/x86_64-linux-gnu/libnss_compat-2.27.so
7f38ab7ad000-7f38ab7ae000 rw-p 00009000 08:01 424952                     /lib/x86_64-linux-gnu/libnss_compat-2.27.so
7f38ab7ae000-7f38ab7b8000 r-xp 00000000 08:01 667961                     /usr/lib/jvm/java-8-openjdk-amd64/jre/lib/amd64/libinstrument.so
7f38ab7b8000-7f38ab9b7000 ---p 0000a000 08:01 667961                     /usr/lib/jvm/java-8-openjdk-amd64/jre/lib/amd64/libinstrument.so
7f38ab9b7000-7f38ab9b8000 r--p 00009000 08:01 667961                     /usr/lib/jvm/java-8-openjdk-amd64/jre/lib/amd64/libinstrument.so
7f38ab9b8000-7f38ab9b9000 rw-p 0000a000 08:01 667961                     /usr/lib/jvm/java-8-openjdk-amd64/jre/lib/amd64/libinstrument.so
7f38ab9b9000-7f38ab9e3000 r-xp 00000000 08:01 667966                     /usr/lib/jvm/java-8-openjdk-amd64/jre/lib/amd64/libjava.so
7f38ab9e3000-7f38abbe3000 ---p 0002a000 08:01 667966                     /usr/lib/jvm/java-8-openjdk-amd64/jre/lib/amd64/libjava.so
7f38abbe3000-7f38abbe4000 r--p 0002a000 08:01 667966                     /usr/lib/jvm/java-8-openjdk-amd64/jre/lib/amd64/libjava.so
7f38abbe4000-7f38abbe6000 rw-p 0002b000 08:01 667966                     /usr/lib/jvm/java-8-openjdk-amd64/jre/lib/amd64/libjava.so
7f38abbe6000-7f38abbf6000 r-xp 00000000 08:01 667984                     /usr/lib/jvm/java-8-openjdk-amd64/jre/lib/amd64/libverify.so
7f38abbf6000-7f38abdf5000 ---p 00010000 08:01 667984                     /usr/lib/jvm/java-8-openjdk-amd64/jre/lib/amd64/libverify.so
7f38abdf5000-7f38abdf7000 r--p 0000f000 08:01 667984                     /usr/lib/jvm/java-8-openjdk-amd64/jre/lib/amd64/libverify.so
7f38abdf7000-7f38abdf8000 rw-p 00011000 08:01 667984                     /usr/lib/jvm/java-8-openjdk-amd64/jre/lib/amd64/libverify.so
7f38abdf8000-7f38abdff000 r-xp 00000000 08:01 424961                     /lib/x86_64-linux-gnu/librt-2.27.so
7f38abdff000-7f38abffe000 ---p 00007000 08:01 424961                     /lib/x86_64-linux-gnu/librt-2.27.so
7f38abffe000-7f38abfff000 r--p 00006000 08:01 424961                     /lib/x86_64-linux-gnu/librt-2.27.so
7f38abfff000-7f38ac000000 rw-p 00007000 08:01 424961                     /lib/x86_64-linux-gnu/librt-2.27.so
7f38ac000000-7f38ac94a000 rw-p 00000000 00:00 0 
7f38ac94a000-7f38b0000000 ---p 00000000 00:00 0 
7f38b0000000-7f38b0002000 r--s 00000000 08:01 4063815                    /home/harshita/.m2/repository/org/slf4j/jul-to-slf4j/1.7.36/jul-to-slf4j-1.7.36.jar
7f38b0002000-7f38b0004000 r--s 00003000 08:01 4063799                    /home/harshita/.m2/repository/org/apache/logging/log4j/log4j-to-slf4j/2.17.2/log4j-to-slf4j-2.17.2.jar
7f38b0004000-7f38b000e000 r--s 00064000 08:01 4063812                    /home/harshita/.m2/repository/ch/qos/logback/logback-core/1.2.11/logback-core-1.2.11.jar
7f38b000e000-7f38b0014000 r--s 00033000 08:01 4063808                    /home/harshita/.m2/repository/ch/qos/logback/logback-classic/1.2.11/logback-classic-1.2.11.jar
7f38b0014000-7f38b0015000 r--s 00001000 08:01 4063806                    /home/harshita/.m2/repository/org/springframework/boot/spring-boot-starter-logging/2.6.6/spring-boot-starter-logging-2.6.6.jar
7f38b0015000-7f38b0016000 r--s 00001000 08:01 4063840                    /home/harshita/.m2/repository/org/springframework/boot/spring-boot-starter/2.6.6/spring-boot-starter-2.6.6.jar
7f38b0016000-7f38b0017000 r--s 00001000 08:01 4063794                    /home/harshita/.m2/repository/org/springframework/boot/spring-boot-starter-web/2.6.6/spring-boot-starter-web-2.6.6.jar
7f38b0017000-7f38b0029000 r--s 0034c000 08:01 668031                     /usr/lib/jvm/java-8-openjdk-amd64/jre/lib/resources.jar
7f38b0029000-7f38b002a000 r--s 00000000 08:01 668029                     /usr/lib/jvm/java-8-openjdk-amd64/jre/lib/management-agent.jar
7f38b002a000-7f38b003b000 r--s 001c5000 08:01 668026                     /usr/lib/jvm/java-8-openjdk-amd64/jre/lib/jsse.jar
7f38b003b000-7f38b0041000 r--s 000d3000 08:01 668025                     /usr/lib/jvm/java-8-openjdk-amd64/jre/lib/jfr.jar
7f38b0041000-7f38b0043000 r--s 00016000 08:01 668020                     /usr/lib/jvm/java-8-openjdk-amd64/jre/lib/jce.jar
7f38b0043000-7f38b0045000 r--s 00007000 08:01 921752                     /usr/share/java/java-atk-wrapper.jar
7f38b0045000-7f38b004a000 r--s 002f9000 08:01 667989                     /usr/lib/jvm/java-8-openjdk-amd64/jre/lib/charsets.jar
7f38b004a000-7f38b004c000 r--s 00008000 08:01 668005                     /usr/lib/jvm/java-8-openjdk-amd64/jre/lib/ext/sunec.jar
7f38b004c000-7f38b004e000 r--s 00010000 08:01 668008                     /usr/lib/jvm/java-8-openjdk-amd64/jre/lib/ext/zipfs.jar
7f38b004e000-7f38b0069000 r--s 001d6000 08:01 668004                     /usr/lib/jvm/java-8-openjdk-amd64/jre/lib/ext/nashorn.jar
7f38b0069000-7f38b0084000 r--s 00394000 08:01 667999                     /usr/lib/jvm/java-8-openjdk-amd64/jre/lib/ext/cldrdata.jar
7f38b0084000-7f38b00fa000 rw-p 00000000 00:00 0 
7f38b00fa000-7f38b00fb000 ---p 00000000 00:00 0 
7f38b00fb000-7f38b01fb000 rw-p 00000000 00:00 0 
7f38b01fb000-7f38b0212000 r-xp 00000000 08:01 399997                     /lib/x86_64-linux-gnu/libgcc_s.so.1
7f38b0212000-7f38b0411000 ---p 00017000 08:01 399997                     /lib/x86_64-linux-gnu/libgcc_s.so.1
7f38b0411000-7f38b0412000 r--p 00016000 08:01 399997                     /lib/x86_64-linux-gnu/libgcc_s.so.1
7f38b0412000-7f38b0413000 rw-p 00017000 08:01 399997                     /lib/x86_64-linux-gnu/libgcc_s.so.1
7f38b0413000-7f38b05b0000 r-xp 00000000 08:01 424948                     /lib/x86_64-linux-gnu/libm-2.27.so
7f38b05b0000-7f38b07af000 ---p 0019d000 08:01 424948                     /lib/x86_64-linux-gnu/libm-2.27.so
7f38b07af000-7f38b07b0000 r--p 0019c000 08:01 424948                     /lib/x86_64-linux-gnu/libm-2.27.so
7f38b07b0000-7f38b07b1000 rw-p 0019d000 08:01 424948                     /lib/x86_64-linux-gnu/libm-2.27.so
7f38b07b1000-7f38b092a000 r-xp 00000000 08:01 667639                     /usr/lib/x86_64-linux-gnu/libstdc++.so.6.0.25
7f38b092a000-7f38b0b2a000 ---p 00179000 08:01 667639                     /usr/lib/x86_64-linux-gnu/libstdc++.so.6.0.25
7f38b0b2a000-7f38b0b34000 r--p 00179000 08:01 667639                     /usr/lib/x86_64-linux-gnu/libstdc++.so.6.0.25
7f38b0b34000-7f38b0b36000 rw-p 00183000 08:01 667639                     /usr/lib/x86_64-linux-gnu/libstdc++.so.6.0.25
7f38b0b36000-7f38b0b3a000 rw-p 00000000 00:00 0 
7f38b0b3a000-7f38b18ab000 r-xp 00000000 08:01 667988                     /usr/lib/jvm/java-8-openjdk-amd64/jre/lib/amd64/server/libjvm.so
7f38b18ab000-7f38b1aab000 ---p 00d71000 08:01 667988                     /usr/lib/jvm/java-8-openjdk-amd64/jre/lib/amd64/server/libjvm.so
7f38b1aab000-7f38b1b41000 r--p 00d71000 08:01 667988                     /usr/lib/jvm/java-8-openjdk-amd64/jre/lib/amd64/server/libjvm.so
7f38b1b41000-7f38b1b6a000 rw-p 00e07000 08:01 667988                     /usr/lib/jvm/java-8-openjdk-amd64/jre/lib/amd64/server/libjvm.so
7f38b1b6a000-7f38b1b9d000 rw-p 00000000 00:00 0 
7f38b1b9d000-7f38b1bb7000 r-xp 00000000 08:01 424959                     /lib/x86_64-linux-gnu/libpthread-2.27.so
7f38b1bb7000-7f38b1db6000 ---p 0001a000 08:01 424959                     /lib/x86_64-linux-gnu/libpthread-2.27.so
7f38b1db6000-7f38b1db7000 r--p 00019000 08:01 424959                     /lib/x86_64-linux-gnu/libpthread-2.27.so
7f38b1db7000-7f38b1db8000 rw-p 0001a000 08:01 424959                     /lib/x86_64-linux-gnu/libpthread-2.27.so
7f38b1db8000-7f38b1dbc000 rw-p 00000000 00:00 0 
7f38b1dbc000-7f38b1dbf000 r-xp 00000000 08:01 424947                     /lib/x86_64-linux-gnu/libdl-2.27.so
7f38b1dbf000-7f38b1fbe000 ---p 00003000 08:01 424947                     /lib/x86_64-linux-gnu/libdl-2.27.so
7f38b1fbe000-7f38b1fbf000 r--p 00002000 08:01 424947                     /lib/x86_64-linux-gnu/libdl-2.27.so
7f38b1fbf000-7f38b1fc0000 rw-p 00003000 08:01 424947                     /lib/x86_64-linux-gnu/libdl-2.27.so
7f38b1fc0000-7f38b1fdc000 r-xp 00000000 08:01 430839                     /lib/x86_64-linux-gnu/libz.so.1.2.11
7f38b1fdc000-7f38b21db000 ---p 0001c000 08:01 430839                     /lib/x86_64-linux-gnu/libz.so.1.2.11
7f38b21db000-7f38b21dc000 r--p 0001b000 08:01 430839                     /lib/x86_64-linux-gnu/libz.so.1.2.11
7f38b21dc000-7f38b21dd000 rw-p 0001c000 08:01 430839                     /lib/x86_64-linux-gnu/libz.so.1.2.11
7f38b21dd000-7f38b23c4000 r-xp 00000000 08:01 424944                     /lib/x86_64-linux-gnu/libc-2.27.so
7f38b23c4000-7f38b25c4000 ---p 001e7000 08:01 424944                     /lib/x86_64-linux-gnu/libc-2.27.so
7f38b25c4000-7f38b25c8000 r--p 001e7000 08:01 424944                     /lib/x86_64-linux-gnu/libc-2.27.so
7f38b25c8000-7f38b25ca000 rw-p 001eb000 08:01 424944                     /lib/x86_64-linux-gnu/libc-2.27.so
7f38b25ca000-7f38b25ce000 rw-p 00000000 00:00 0 
7f38b25ce000-7f38b25dc000 r-xp 00000000 08:01 667952                     /usr/lib/jvm/java-8-openjdk-amd64/jre/lib/amd64/jli/libjli.so
7f38b25dc000-7f38b27db000 ---p 0000e000 08:01 667952                     /usr/lib/jvm/java-8-openjdk-amd64/jre/lib/amd64/jli/libjli.so
7f38b27db000-7f38b27dc000 r--p 0000d000 08:01 667952                     /usr/lib/jvm/java-8-openjdk-amd64/jre/lib/amd64/jli/libjli.so
7f38b27dc000-7f38b27dd000 rw-p 0000e000 08:01 667952                     /usr/lib/jvm/java-8-openjdk-amd64/jre/lib/amd64/jli/libjli.so
7f38b27dd000-7f38b2806000 r-xp 00000000 08:01 424888                     /lib/x86_64-linux-gnu/ld-2.27.so
7f38b2806000-7f38b2808000 r--s 00007000 08:01 921752                     /usr/share/java/java-atk-wrapper.jar
7f38b2808000-7f38b280a000 r--s 00001000 08:01 668000                     /usr/lib/jvm/java-8-openjdk-amd64/jre/lib/ext/dnsns.jar
7f38b280a000-7f38b280e000 r--s 00041000 08:01 668007                     /usr/lib/jvm/java-8-openjdk-amd64/jre/lib/ext/sunpkcs11.jar
7f38b280e000-7f38b2819000 r--s 00116000 08:01 668003                     /usr/lib/jvm/java-8-openjdk-amd64/jre/lib/ext/localedata.jar
7f38b2819000-7f38b28e9000 rw-p 00000000 00:00 0 
7f38b28e9000-7f38b28ea000 ---p 00000000 00:00 0 
7f38b28ea000-7f38b28ed000 ---p 00000000 00:00 0 
7f38b28ed000-7f38b29ec000 rw-p 00000000 00:00 0 
7f38b29ec000-7f38b29ef000 r--s 0000f000 08:01 668001                     /usr/lib/jvm/java-8-openjdk-amd64/jre/lib/ext/icedtea-sound.jar
7f38b29ef000-7f38b29f5000 r--s 0003d000 08:01 668006                     /usr/lib/jvm/java-8-openjdk-amd64/jre/lib/ext/sunjce_provider.jar
7f38b29f5000-7f38b29f6000 r--s 0000a000 08:01 668002                     /usr/lib/jvm/java-8-openjdk-amd64/jre/lib/ext/jaccess.jar
7f38b29f6000-7f38b29fe000 rw-s 00000000 08:01 1457510                    /tmp/hsperfdata_harshita/455
7f38b29fe000-7f38b29ff000 rw-p 00000000 00:00 0 
7f38b29ff000-7f38b2a00000 ---p 00000000 00:00 0 
7f38b2a00000-7f38b2a02000 rw-p 00000000 00:00 0 
7f38b2a02000-7f38b2a05000 r--p 00000000 00:00 0                          [vvar]
7f38b2a05000-7f38b2a06000 r-xp 00000000 00:00 0                          [vdso]
7f38b2a06000-7f38b2a07000 r--p 00029000 08:01 424888                     /lib/x86_64-linux-gnu/ld-2.27.so
7f38b2a07000-7f38b2a08000 rw-p 0002a000 08:01 424888                     /lib/x86_64-linux-gnu/ld-2.27.so
7f38b2a08000-7f38b2a09000 rw-p 00000000 00:00 0 
7fff49bd8000-7fff49bfb000 rw-p 00000000 00:00 0                          [stack]
ffffffffff600000-ffffffffff601000 --xp 00000000 00:00 0                  [vsyscall]

VM Arguments:
jvm_args: -XX:TieredStopAtLevel=1 -Xverify:none -Dspring.output.ansi.enabled=always -Dcom.sun.management.jmxremote -Dspring.jmx.enabled=true -Dspring.liveBeansView.mbeanDomain -Dspring.application.admin.enabled=true -javaagent:/home/harshita/Downloads/idea-IU-213.7172.25/lib/idea_rt.jar=34635:/home/harshita/Downloads/idea-IU-213.7172.25/bin -Dfile.encoding=UTF-8 
java_command: com.example.loanapprover.LoanapproverApplication
java_class_path (initial): /usr/lib/jvm/java-1.8.0-openjdk-amd64/jre/lib/charsets.jar:/usr/lib/jvm/java-1.8.0-openjdk-amd64/jre/lib/ext/cldrdata.jar:/usr/lib/jvm/java-1.8.0-openjdk-amd64/jre/lib/ext/dnsns.jar:/usr/lib/jvm/java-1.8.0-openjdk-amd64/jre/lib/ext/icedtea-sound.jar:/usr/lib/jvm/java-1.8.0-openjdk-amd64/jre/lib/ext/jaccess.jar:/usr/lib/jvm/java-1.8.0-openjdk-amd64/jre/lib/ext/java-atk-wrapper.jar:/usr/lib/jvm/java-1.8.0-openjdk-amd64/jre/lib/ext/localedata.jar:/usr/lib/jvm/java-1.8.0-openjdk-amd64/jre/lib/ext/nashorn.jar:/usr/lib/jvm/java-1.8.0-openjdk-amd64/jre/lib/ext/sunec.jar:/usr/lib/jvm/java-1.8.0-openjdk-amd64/jre/lib/ext/sunjce_provider.jar:/usr/lib/jvm/java-1.8.0-openjdk-amd64/jre/lib/ext/sunpkcs11.jar:/usr/lib/jvm/java-1.8.0-openjdk-amd64/jre/lib/ext/zipfs.jar:/usr/lib/jvm/java-1.8.0-openjdk-amd64/jre/lib/jce.jar:/usr/lib/jvm/java-1.8.0-openjdk-amd64/jre/lib/jfr.jar:/usr/lib/jvm/java-1.8.0-openjdk-amd64/jre/lib/jsse.jar:/usr/lib/jvm/java-1.8.0-openjdk-amd64/jre/lib/management-agent.jar:/usr/lib/jvm/java-1.8.0-openjdk-amd64/jre/lib/resources.jar:/usr/lib/jvm/java-1.8.0-openjdk-amd64/jre/lib/rt.jar:/home/harshita/Documents/SPE/loanapprover/target/classes:/home/harshita/.m2/repository/org/springframework/boot/spring-boot-starter-web/2.6.6/spring-boot-starter-web-2.6.6.jar:/home/harshita/.m2/repository/org/springframework/boot/spring-boot-starter/2.6.6/spring-boot-starter-2.6.6.jar:/home/harshita/.m2/repository/org/springframework/boot/spring-boot/2.6.6/spring-boot-2.6.6.jar:/home/harshita/.m2/repository/org/springframework/boot/spring-boot-autoconfigure/2.6.6/spring-boot-autoconfigure-2.6.6.jar:/home/harshita/.m2/repository/org/springframework/boot/spring-boot-starter-logging/2.6.6/spring-boot-starter-logging-2.6.6.jar:/home/harshita/.m2/repository/ch/qos/logback/logback-classic/1.2.11/logback-classic-1.2.11.jar:/home/harshita/.m2/repository/ch/qos/logback/logback-core/1.2.11/logback-core-1.2.11.jar:/home/harshita/.m2/repository/org/apache/logging
Launcher Type: SUN_STANDARD

Environment Variables:
PATH=/home/harshita/.local/bin:/usr/local/sbin:/usr/local/bin:/usr/sbin:/usr/bin:/sbin:/bin:/usr/games:/usr/local/games:/snap/bin
USERNAME=harshita
SHELL=/bin/bash
DISPLAY=:0

Signal Handlers:
SIGSEGV: [libjvm.so+0xb6f390], sa_mask[0]=11111111011111111101111111111110, sa_flags=SA_RESTART|SA_SIGINFO
SIGBUS: [libjvm.so+0xb6f390], sa_mask[0]=11111111011111111101111111111110, sa_flags=SA_RESTART|SA_SIGINFO
SIGFPE: [libjvm.so+0x98ec90], sa_mask[0]=11111111011111111101111111111110, sa_flags=SA_RESTART|SA_SIGINFO
SIGPIPE: [libjvm.so+0x98ec90], sa_mask[0]=11111111011111111101111111111110, sa_flags=SA_RESTART|SA_SIGINFO
SIGXFSZ: [libjvm.so+0x98ec90], sa_mask[0]=11111111011111111101111111111110, sa_flags=SA_RESTART|SA_SIGINFO
SIGILL: [libjvm.so+0x98ec90], sa_mask[0]=11111111011111111101111111111110, sa_flags=SA_RESTART|SA_SIGINFO
SIGUSR1: SIG_DFL, sa_mask[0]=00000000000000000000000000000000, sa_flags=none
SIGUSR2: [libjvm.so+0x98eb40], sa_mask[0]=00100000000000000000000000000000, sa_flags=SA_RESTART|SA_SIGINFO
SIGHUP: [libjvm.so+0x98f1b0], sa_mask[0]=11111111011111111101111111111110, sa_flags=SA_RESTART|SA_SIGINFO
SIGINT: [libjvm.so+0x98f1b0], sa_mask[0]=11111111011111111101111111111110, sa_flags=SA_RESTART|SA_SIGINFO
SIGTERM: [libjvm.so+0x98f1b0], sa_mask[0]=11111111011111111101111111111110, sa_flags=SA_RESTART|SA_SIGINFO
SIGQUIT: [libjvm.so+0x98f1b0], sa_mask[0]=11111111011111111101111111111110, sa_flags=SA_RESTART|SA_SIGINFO


---------------  S Y S T E M  ---------------

OS:DISTRIB_ID=Ubuntu
DISTRIB_RELEASE=18.04
DISTRIB_CODENAME=bionic
DISTRIB_DESCRIPTION="Ubuntu 18.04.6 LTS"

uname:Linux 5.4.0-109-generic #123~18.04.1-Ubuntu SMP Fri Apr 8 09:48:52 UTC 2022 x86_64
libc:glibc 2.27 NPTL 2.27 
rlimit: STACK 8192k, CORE 0k, NPROC 31636, NOFILE 1048576, AS infinity
load average:2.73 1.72 1.33

/proc/meminfo:
MemTotal:        8148752 kB
MemFree:          257232 kB
MemAvailable:    2075396 kB
Buffers:          316980 kB
Cached:          1649808 kB
SwapCached:         3832 kB
Active:          5652152 kB
Inactive:        1710328 kB
Active(anon):    4579328 kB
Inactive(anon):   900076 kB
Active(file):    1072824 kB
Inactive(file):   810252 kB
Unevictable:          32 kB
Mlocked:              32 kB
SwapTotal:        969960 kB
SwapFree:         699624 kB
Dirty:             35480 kB
Writeback:             0 kB
AnonPages:       5393640 kB
Mapped:           605048 kB
Shmem:            114432 kB
KReclaimable:     238828 kB
Slab:             356660 kB
SReclaimable:     238828 kB
SUnreclaim:       117832 kB
KernelStack:       21156 kB
PageTables:        84356 kB
NFS_Unstable:          0 kB
Bounce:                0 kB
WritebackTmp:          0 kB
CommitLimit:     5044336 kB
Committed_AS:   13264440 kB
VmallocTotal:   34359738367 kB
VmallocUsed:       48660 kB
VmallocChunk:          0 kB
Percpu:             1824 kB
HardwareCorrupted:     0 kB
AnonHugePages:      2048 kB
ShmemHugePages:        0 kB
ShmemPmdMapped:        0 kB
FileHugePages:         0 kB
FilePmdMapped:         0 kB
CmaTotal:              0 kB
CmaFree:               0 kB
HugePages_Total:       0
HugePages_Free:        0
HugePages_Rsvd:        0
HugePages_Surp:        0
Hugepagesize:       2048 kB
Hugetlb:               0 kB
DirectMap4k:      395200 kB
DirectMap2M:     7993344 kB

container (cgroup) information:
container_type: cgroupv1
cpu_cpuset_cpus: 0-1
cpu_memory_nodes: 0
active_processor_count: 2
cpu_quota: -1
cpu_period: 100000
cpu_shares: -1
memory_limit_in_bytes: -1
memory_and_swap_limit_in_bytes: -2
memory_soft_limit_in_bytes: -1
memory_usage_in_bytes: 6787502080
memory_max_usage_in_bytes: 6951333888


CPU:total 2 (initial active 2) (2 cores per cpu, 1 threads per core) family 6 model 140 stepping 1, cmov, cx8, fxsr, mmx, sse, sse2, sse3, ssse3, sse4.1, sse4.2, popcnt, avx, avx2, aes, clmul, 3dnowpref, lzcnt, tsc, tscinvbit

/proc/cpuinfo:
processor	: 0
vendor_id	: GenuineIntel
cpu family	: 6
model		: 140
model name	: 11th Gen Intel(R) Core(TM) i7-1165G7 @ 2.80GHz
stepping	: 1
cpu MHz		: 2803.202
cache size	: 12288 KB
physical id	: 0
siblings	: 2
core id		: 0
cpu cores	: 2
apicid		: 0
initial apicid	: 0
fpu		: yes
fpu_exception	: yes
cpuid level	: 22
wp		: yes
flags		: fpu vme de pse tsc msr pae mce cx8 apic sep mtrr pge mca cmov pat pse36 clflush mmx fxsr sse sse2 ht syscall nx rdtscp lm constant_tsc rep_good nopl xtopology nonstop_tsc cpuid tsc_known_freq pni pclmulqdq ssse3 cx16 pcid sse4_1 sse4_2 x2apic movbe popcnt aes xsave avx rdrand hypervisor lahf_lm abm 3dnowprefetch invpcid_single fsgsbase avx2 invpcid rdseed clflushopt md_clear flush_l1d arch_capabilities
bugs		: spectre_v1 spectre_v2 spec_store_bypass swapgs
bogomips	: 5606.40
clflush size	: 64
cache_alignment	: 64
address sizes	: 39 bits physical, 48 bits virtual
power management:

processor	: 1
vendor_id	: GenuineIntel
cpu family	: 6
model		: 140
model name	: 11th Gen Intel(R) Core(TM) i7-1165G7 @ 2.80GHz
stepping	: 1
cpu MHz		: 2803.202
cache size	: 12288 KB
physical id	: 0
siblings	: 2
core id		: 1
cpu cores	: 2
apicid		: 1
initial apicid	: 1
fpu		: yes
fpu_exception	: yes
cpuid level	: 22
wp		: yes
flags		: fpu vme de pse tsc msr pae mce cx8 apic sep mtrr pge mca cmov pat pse36 clflush mmx fxsr sse sse2 ht syscall nx rdtscp lm constant_tsc rep_good nopl xtopology nonstop_tsc cpuid tsc_known_freq pni pclmulqdq ssse3 cx16 pcid sse4_1 sse4_2 x2apic movbe popcnt aes xsave avx rdrand hypervisor lahf_lm abm 3dnowprefetch invpcid_single fsgsbase avx2 invpcid rdseed clflushopt md_clear flush_l1d arch_capabilities
bugs		: spectre_v1 spectre_v2 spec_store_bypass swapgs
bogomips	: 5606.40
clflush size	: 64
cache_alignment	: 64
address sizes	: 39 bits physical, 48 bits virtual
power management:



Memory: 4k page, physical 8148752k(256980k free), swap 969960k(699624k free)

vm_info: OpenJDK 64-Bit Server VM (25.312-b07) for linux-amd64 JRE (1.8.0_312-8u312-b07-0ubuntu1~18.04-b07), built on Nov  3 2021 13:54:59 by "buildd" with gcc 7.5.0

time: Thu Apr 28 12:51:16 2022
timezone: IST
elapsed time: 2.206587 seconds (0d 0h 0m 2s)

